2025-12-03 00:10:46,484 - exp_20251203_001046 - INFO - ======================================================================
2025-12-03 00:10:46,485 - exp_20251203_001046 - INFO - CARREGANDO DADOS DO DATASET
2025-12-03 00:10:46,485 - exp_20251203_001046 - INFO - ======================================================================
2025-12-03 00:10:46,485 - exp_20251203_001046 - INFO - Carregando arquivos base...
2025-12-03 00:10:46,485 - exp_20251203_001046 - INFO - Arquivos encontrados: ['dB_diagram.png', 'fixtures.csv', 'keyEventDescription.csv', 'leagues.csv', 'players.csv', 'standings.csv', 'status.csv', 'teamRoster.csv', 'teams.csv', 'teamStats.csv', 'venues.csv']
2025-12-03 00:10:46,701 - exp_20251203_001046 - INFO - Pré-processando dados...
2025-12-03 00:10:46,728 - exp_20251203_001046 - INFO - Dicionário de times criado usando coluna: name
2025-12-03 00:10:46,728 - exp_20251203_001046 - INFO - Dicionário de ligas criado usando coluna: leagueName
2025-12-03 00:10:47,291 - exp_20251203_001046 - INFO - 
VISÃO GERAL:
2025-12-03 00:10:47,292 - exp_20251203_001046 - INFO -    Período: 2024-01-01 até 2026-10-06
2025-12-03 00:10:47,292 - exp_20251203_001046 - INFO -    Partidas completas: 67,065 (100.0%)
2025-12-03 00:10:47,295 - exp_20251203_001046 - INFO - 
TOP 10 Ligas:
2025-12-03 00:10:47,295 - exp_20251203_001046 - INFO -    NCAA Women's Soccer: 4,331 partidas
2025-12-03 00:10:47,295 - exp_20251203_001046 - INFO -    NCAA Men's Soccer: 2,535 partidas
2025-12-03 00:10:47,295 - exp_20251203_001046 - INFO -    Argentine Nacional B: 1,379 partidas
2025-12-03 00:10:47,295 - exp_20251203_001046 - INFO -    English League Two: 1,109 partidas
2025-12-03 00:10:47,295 - exp_20251203_001046 - INFO -    English National League: 1,109 partidas
2025-12-03 00:10:47,295 - exp_20251203_001046 - INFO -    English League One: 1,109 partidas
2025-12-03 00:10:47,295 - exp_20251203_001046 - INFO -    English League Championship: 1,109 partidas
2025-12-03 00:10:47,295 - exp_20251203_001046 - INFO -    MLS: 1,071 partidas
2025-12-03 00:10:47,296 - exp_20251203_001046 - INFO -    Argentine Primera C: 993 partidas
2025-12-03 00:10:47,296 - exp_20251203_001046 - INFO -    Spanish LALIGA 2: 930 partidas
2025-12-03 00:10:47,296 - exp_20251203_001046 - INFO - 
======================================================================
2025-12-03 00:10:47,296 - exp_20251203_001046 - INFO - ENGENHARIA DE FEATURES
2025-12-03 00:10:47,297 - exp_20251203_001046 - INFO - ======================================================================
2025-12-03 00:10:47,303 - exp_20251203_001046 - INFO - Partidas finalizadas: 67,065
2025-12-03 00:10:47,318 - exp_20251203_001046 - INFO - Processando 5,000 partidas...
2025-12-03 00:11:07,731 - exp_20251203_001046 - INFO - ✅ 3,587 partidas com features completas
2025-12-03 00:11:07,731 - exp_20251203_001046 - INFO - 
DISTRIBUICAO FINAL do target:
2025-12-03 00:11:07,731 - exp_20251203_001046 - INFO -    Away Win (0): 906 (25.3%)
2025-12-03 00:11:07,732 - exp_20251203_001046 - INFO -    Draw (1): 1,358 (37.9%)
2025-12-03 00:11:07,732 - exp_20251203_001046 - INFO -    Home Win (2): 1,323 (36.9%)
2025-12-03 00:11:07,742 - exp_20251203_001046 - INFO - Total de features criadas: 61
2025-12-03 00:11:07,748 - exp_20251203_001046 - INFO - 
======================================================================
2025-12-03 00:11:07,749 - exp_20251203_001046 - INFO - TREINAMENTO ENSEMBLE
2025-12-03 00:11:07,749 - exp_20251203_001046 - INFO - ======================================================================
2025-12-03 00:11:07,749 - exp_20251203_001046 - INFO - 
Treinando Random Forest...
2025-12-03 00:11:07,749 - exp_20251203_001046 - INFO - Treino: 2,869 partidas
2025-12-03 00:11:07,749 - exp_20251203_001046 - INFO - Teste: 718 partidas
2025-12-03 00:11:07,957 - exp_20251203_001046 - INFO - 
RESULTADOS DO MODELO:
2025-12-03 00:11:07,957 - exp_20251203_001046 - INFO - ======================================================================
2025-12-03 00:11:07,957 - exp_20251203_001046 - INFO - Acurácia Treino: 78.4%
2025-12-03 00:11:07,957 - exp_20251203_001046 - INFO - Acurácia Teste: 34.7%
2025-12-03 00:11:07,957 - exp_20251203_001046 - INFO - 
Relatório Detalhado:
2025-12-03 00:11:07,957 - exp_20251203_001046 - INFO - ----------------------------------------------------------------------
2025-12-03 00:11:07,961 - exp_20251203_001046 - INFO -               precision    recall  f1-score   support

    Away Win      0.167     0.493     0.249        75
        Draw      0.901     0.236     0.374       539
    Home Win      0.239     0.817     0.370       104

    accuracy                          0.347       718
   macro avg      0.436     0.515     0.331       718
weighted avg      0.728     0.347     0.360       718

2025-12-03 00:11:07,961 - exp_20251203_001046 - INFO - 
Matriz de Confusão:
2025-12-03 00:11:07,961 - exp_20251203_001046 - INFO - ----------------------------------------------------------------------
2025-12-03 00:11:07,962 - exp_20251203_001046 - INFO - 
Top 15 Features Mais Importantes:
2025-12-03 00:11:07,963 - exp_20251203_001046 - INFO - ----------------------------------------------------------------------
2025-12-03 00:11:07,980 - exp_20251203_001046 - INFO -    points_diff                    0.0690
2025-12-03 00:11:07,980 - exp_20251203_001046 - INFO -    goal_diff_diff                 0.0548
2025-12-03 00:11:07,980 - exp_20251203_001046 - INFO -    rank_diff                      0.0489
2025-12-03 00:11:07,981 - exp_20251203_001046 - INFO -    home_win_rate                  0.0483
2025-12-03 00:11:07,981 - exp_20251203_001046 - INFO -    away_win_rate                  0.0408
2025-12-03 00:11:07,981 - exp_20251203_001046 - INFO -    away_points_per_game           0.0362
2025-12-03 00:11:07,981 - exp_20251203_001046 - INFO -    away_goal_diff                 0.0327
2025-12-03 00:11:07,981 - exp_20251203_001046 - INFO -    home_points_per_game           0.0309
2025-12-03 00:11:07,982 - exp_20251203_001046 - INFO -    home_avg_goals_against         0.0302
2025-12-03 00:11:07,982 - exp_20251203_001046 - INFO -    away_avg_goals_for             0.0284
2025-12-03 00:11:07,982 - exp_20251203_001046 - INFO -    home_avg_goals_for             0.0261
2025-12-03 00:11:07,982 - exp_20251203_001046 - INFO -    home_goal_diff                 0.0246
2025-12-03 00:11:07,983 - exp_20251203_001046 - INFO -    away_avg_goals_against         0.0223
2025-12-03 00:11:07,983 - exp_20251203_001046 - INFO -    away_team_rank                 0.0208
2025-12-03 00:11:07,983 - exp_20251203_001046 - INFO -    home_ties                      0.0206
