2025-12-03 00:43:32,295 - experiment_20251203_004332 - INFO - ======================================================================
2025-12-03 00:43:32,296 - experiment_20251203_004332 - INFO - CARREGANDO DADOS DO DATASET
2025-12-03 00:43:32,296 - experiment_20251203_004332 - INFO - ======================================================================
2025-12-03 00:43:32,296 - experiment_20251203_004332 - INFO - Carregando dados do cache...
2025-12-03 00:43:32,356 - experiment_20251203_004332 - INFO - 
VISÃO GERAL:
2025-12-03 00:43:32,357 - experiment_20251203_004332 - INFO -    Período: 2024-01-01 até 2026-10-06
2025-12-03 00:43:32,358 - experiment_20251203_004332 - INFO -    Partidas completas: 67,065 (100.0%)
2025-12-03 00:43:32,359 - experiment_20251203_004332 - INFO - 
======================================================================
2025-12-03 00:43:32,359 - experiment_20251203_004332 - INFO - ENGENHARIA DE FEATURES
2025-12-03 00:43:32,359 - experiment_20251203_004332 - INFO - ======================================================================
2025-12-03 00:43:32,363 - experiment_20251203_004332 - INFO - Partidas finalizadas: 67,065
2025-12-03 00:43:32,375 - experiment_20251203_004332 - INFO - Processando 3,000 partidas...
2025-12-03 00:43:44,383 - experiment_20251203_004332 - INFO - ✅ 2,178 partidas com features completas
2025-12-03 00:43:44,384 - experiment_20251203_004332 - INFO - 
DISTRIBUICAO FINAL do target:
2025-12-03 00:43:44,384 - experiment_20251203_004332 - INFO -    Away Win (0): 539 (24.7%)
2025-12-03 00:43:44,384 - experiment_20251203_004332 - INFO -    Draw (1): 831 (38.2%)
2025-12-03 00:43:44,384 - experiment_20251203_004332 - INFO -    Home Win (2): 808 (37.1%)
2025-12-03 00:43:44,393 - experiment_20251203_004332 - INFO - Total de features criadas: 61
2025-12-03 00:43:44,397 - experiment_20251203_004332 - INFO - 
======================================================================
2025-12-03 00:43:44,398 - experiment_20251203_004332 - INFO - TREINAMENTO ENSEMBLE
2025-12-03 00:43:44,398 - experiment_20251203_004332 - INFO - ======================================================================
2025-12-03 00:43:44,398 - experiment_20251203_004332 - INFO - 
Treinando Random Forest...
2025-12-03 00:43:44,398 - experiment_20251203_004332 - INFO - Treino: 1,742 partidas
2025-12-03 00:43:44,398 - experiment_20251203_004332 - INFO - Teste: 436 partidas
2025-12-03 00:43:44,572 - experiment_20251203_004332 - INFO - 
RESULTADOS DO MODELO:
2025-12-03 00:43:44,573 - experiment_20251203_004332 - INFO - ======================================================================
2025-12-03 00:43:44,573 - experiment_20251203_004332 - INFO - Acurácia Treino: 82.4%
2025-12-03 00:43:44,573 - experiment_20251203_004332 - INFO - Acurácia Teste: 28.9%
2025-12-03 00:43:44,573 - experiment_20251203_004332 - INFO - 
Relatório Detalhado:
2025-12-03 00:43:44,573 - experiment_20251203_004332 - INFO - ----------------------------------------------------------------------
2025-12-03 00:43:44,576 - experiment_20251203_004332 - INFO -               precision    recall  f1-score   support

    Away Win      0.129     0.556     0.209        36
        Draw      0.900     0.205     0.333       352
    Home Win      0.169     0.708     0.273        48

    accuracy                          0.289       436
   macro avg      0.399     0.489     0.272       436
weighted avg      0.756     0.289     0.316       436

2025-12-03 00:43:44,577 - experiment_20251203_004332 - INFO - 
Matriz de Confusão:
2025-12-03 00:43:44,577 - experiment_20251203_004332 - INFO - ----------------------------------------------------------------------
2025-12-03 00:43:44,577 - experiment_20251203_004332 - INFO - 
Top 15 Features Mais Importantes:
2025-12-03 00:43:44,577 - experiment_20251203_004332 - INFO - ----------------------------------------------------------------------
2025-12-03 00:43:44,594 - experiment_20251203_004332 - INFO -    goal_diff_diff                 0.0673
2025-12-03 00:43:44,595 - experiment_20251203_004332 - INFO -    points_diff                    0.0591
2025-12-03 00:43:44,595 - experiment_20251203_004332 - INFO -    rank_diff                      0.0515
2025-12-03 00:43:44,595 - experiment_20251203_004332 - INFO -    home_win_rate                  0.0463
2025-12-03 00:43:44,595 - experiment_20251203_004332 - INFO -    home_points_per_game           0.0366
2025-12-03 00:43:44,595 - experiment_20251203_004332 - INFO -    away_win_rate                  0.0330
2025-12-03 00:43:44,595 - experiment_20251203_004332 - INFO -    home_avg_goals_against         0.0315
2025-12-03 00:43:44,596 - experiment_20251203_004332 - INFO -    home_avg_goals_for             0.0306
2025-12-03 00:43:44,596 - experiment_20251203_004332 - INFO -    away_points_per_game           0.0275
2025-12-03 00:43:44,596 - experiment_20251203_004332 - INFO -    away_goal_diff                 0.0270
2025-12-03 00:43:44,596 - experiment_20251203_004332 - INFO -    home_goal_diff                 0.0265
2025-12-03 00:43:44,596 - experiment_20251203_004332 - INFO -    away_avg_goals_for             0.0262
2025-12-03 00:43:44,596 - experiment_20251203_004332 - INFO -    away_team_rank                 0.0244
2025-12-03 00:43:44,596 - experiment_20251203_004332 - INFO -    away_avg_goals_against         0.0238
2025-12-03 00:43:44,596 - experiment_20251203_004332 - INFO -    home_ties                      0.0202
2025-12-03 00:43:44,597 - experiment_20251203_004332 - INFO - 
======================================================================
2025-12-03 00:43:44,597 - experiment_20251203_004332 - INFO - ANALISE DE IMPORTANCIA DAS FEATURES
2025-12-03 00:43:44,597 - experiment_20251203_004332 - INFO - ======================================================================
2025-12-03 00:43:44,629 - experiment_20251203_004332 - INFO - 
TOP 20 FEATURES MAIS IMPORTANTES:
2025-12-03 00:43:44,629 - experiment_20251203_004332 - INFO - ----------------------------------------------------------------------
2025-12-03 00:43:44,630 - experiment_20251203_004332 - INFO -    goal_diff_diff                           ██████████████████████████████████████████████████ 0.0673
2025-12-03 00:43:44,630 - experiment_20251203_004332 - INFO -    points_diff                              ███████████████████████████████████████████ 0.0591
2025-12-03 00:43:44,630 - experiment_20251203_004332 - INFO -    rank_diff                                ██████████████████████████████████████ 0.0515
2025-12-03 00:43:44,630 - experiment_20251203_004332 - INFO -    home_win_rate                            ██████████████████████████████████ 0.0463
2025-12-03 00:43:44,630 - experiment_20251203_004332 - INFO -    home_points_per_game                     ███████████████████████████ 0.0366
2025-12-03 00:43:44,630 - experiment_20251203_004332 - INFO -    away_win_rate                            ████████████████████████ 0.0330
2025-12-03 00:43:44,631 - experiment_20251203_004332 - INFO -    home_avg_goals_against                   ███████████████████████ 0.0315
2025-12-03 00:43:44,631 - experiment_20251203_004332 - INFO -    home_avg_goals_for                       ██████████████████████ 0.0306
2025-12-03 00:43:44,631 - experiment_20251203_004332 - INFO -    away_points_per_game                     ████████████████████ 0.0275
2025-12-03 00:43:44,631 - experiment_20251203_004332 - INFO -    away_goal_diff                           ████████████████████ 0.0270
2025-12-03 00:43:44,631 - experiment_20251203_004332 - INFO -    home_goal_diff                           ███████████████████ 0.0265
2025-12-03 00:43:44,631 - experiment_20251203_004332 - INFO -    away_avg_goals_for                       ███████████████████ 0.0262
2025-12-03 00:43:44,631 - experiment_20251203_004332 - INFO -    away_team_rank                           ██████████████████ 0.0244
2025-12-03 00:43:44,632 - experiment_20251203_004332 - INFO -    away_avg_goals_against                   █████████████████ 0.0238
2025-12-03 00:43:44,632 - experiment_20251203_004332 - INFO -    home_ties                                ███████████████ 0.0202
2025-12-03 00:43:44,632 - experiment_20251203_004332 - INFO -    home_points                              ██████████████ 0.0194
2025-12-03 00:43:44,632 - experiment_20251203_004332 - INFO -    away_losses                              █████████████ 0.0185
2025-12-03 00:43:44,632 - experiment_20251203_004332 - INFO -    home_wins                                █████████████ 0.0184
2025-12-03 00:43:44,632 - experiment_20251203_004332 - INFO -    away_ties                                █████████████ 0.0177
2025-12-03 00:43:44,633 - experiment_20251203_004332 - INFO -    form_diff                                ████████████ 0.0175
2025-12-03 00:43:44,633 - experiment_20251203_004332 - INFO - 
📊 Resumo:
2025-12-03 00:43:44,633 - experiment_20251203_004332 - INFO -    Total de features: 61
2025-12-03 00:43:44,633 - experiment_20251203_004332 - INFO -    Feature mais importante: goal_diff_diff (0.0673)
2025-12-03 00:43:44,633 - experiment_20251203_004332 - INFO -    Feature menos importante: home_redCards (0.0000)
