2025-12-03 00:51:17,430 - experiment_20251203_005117 - INFO - ======================================================================
2025-12-03 00:51:17,430 - experiment_20251203_005117 - INFO - CARREGANDO DADOS DO DATASET
2025-12-03 00:51:17,430 - experiment_20251203_005117 - INFO - ======================================================================
2025-12-03 00:51:17,430 - experiment_20251203_005117 - INFO - Carregando dados do cache...
2025-12-03 00:51:17,462 - experiment_20251203_005117 - INFO - 
VISÃO GERAL:
2025-12-03 00:51:17,463 - experiment_20251203_005117 - INFO -    Período: 2024-01-01 até 2026-10-06
2025-12-03 00:51:17,466 - experiment_20251203_005117 - INFO -    Partidas completas: 67,065 (100.0%)
2025-12-03 00:51:17,467 - experiment_20251203_005117 - INFO - 
======================================================================
2025-12-03 00:51:17,467 - experiment_20251203_005117 - INFO - ENGENHARIA DE FEATURES
2025-12-03 00:51:17,467 - experiment_20251203_005117 - INFO - ======================================================================
2025-12-03 00:51:17,474 - experiment_20251203_005117 - INFO - Partidas finalizadas: 67,065
2025-12-03 00:51:17,488 - experiment_20251203_005117 - INFO - Processando 10,000 partidas...
2025-12-03 00:51:56,915 - experiment_20251203_005117 - INFO - ✅ 7,003 partidas com features completas
2025-12-03 00:51:56,916 - experiment_20251203_005117 - INFO - 
DISTRIBUICAO FINAL do target:
2025-12-03 00:51:56,917 - experiment_20251203_005117 - INFO -    Away Win (0): 1,926 (27.5%)
2025-12-03 00:51:56,917 - experiment_20251203_005117 - INFO -    Draw (1): 2,117 (30.2%)
2025-12-03 00:51:56,917 - experiment_20251203_005117 - INFO -    Home Win (2): 2,960 (42.3%)
2025-12-03 00:51:56,932 - experiment_20251203_005117 - INFO - Total de features criadas: 61
2025-12-03 00:51:56,944 - experiment_20251203_005117 - INFO - 
======================================================================
2025-12-03 00:51:56,944 - experiment_20251203_005117 - INFO - TREINAMENTO ENSEMBLE
2025-12-03 00:51:56,945 - experiment_20251203_005117 - INFO - ======================================================================
2025-12-03 00:51:56,945 - experiment_20251203_005117 - INFO - 
Treinando Random Forest...
2025-12-03 00:51:56,945 - experiment_20251203_005117 - INFO - Treino: 5,602 partidas
2025-12-03 00:51:56,945 - experiment_20251203_005117 - INFO - Teste: 1,401 partidas
2025-12-03 00:51:57,330 - experiment_20251203_005117 - INFO - 
RESULTADOS DO MODELO:
2025-12-03 00:51:57,330 - experiment_20251203_005117 - INFO - ======================================================================
2025-12-03 00:51:57,331 - experiment_20251203_005117 - INFO - Acurácia Treino: 65.5%
2025-12-03 00:51:57,331 - experiment_20251203_005117 - INFO - Acurácia Teste: 48.3%
2025-12-03 00:51:57,331 - experiment_20251203_005117 - INFO - 
Relatório Detalhado:
2025-12-03 00:51:57,331 - experiment_20251203_005117 - INFO - ----------------------------------------------------------------------
2025-12-03 00:51:57,335 - experiment_20251203_005117 - INFO -               precision    recall  f1-score   support

    Away Win      0.423     0.649     0.512       336
        Draw      0.492     0.268     0.347       567
    Home Win      0.530     0.614     0.569       498

    accuracy                          0.483      1401
   macro avg      0.482     0.510     0.476      1401
weighted avg      0.489     0.483     0.466      1401

2025-12-03 00:51:57,335 - experiment_20251203_005117 - INFO - 
Matriz de Confusão:
2025-12-03 00:51:57,335 - experiment_20251203_005117 - INFO - ----------------------------------------------------------------------
2025-12-03 00:51:57,336 - experiment_20251203_005117 - INFO - 
Top 15 Features Mais Importantes:
2025-12-03 00:51:57,336 - experiment_20251203_005117 - INFO - ----------------------------------------------------------------------
2025-12-03 00:51:57,364 - experiment_20251203_005117 - INFO -    points_diff                    0.0917
2025-12-03 00:51:57,364 - experiment_20251203_005117 - INFO -    goal_diff_diff                 0.0825
2025-12-03 00:51:57,364 - experiment_20251203_005117 - INFO -    rank_diff                      0.0538
2025-12-03 00:51:57,365 - experiment_20251203_005117 - INFO -    away_win_rate                  0.0457
2025-12-03 00:51:57,365 - experiment_20251203_005117 - INFO -    home_win_rate                  0.0451
2025-12-03 00:51:57,365 - experiment_20251203_005117 - INFO -    away_points_per_game           0.0449
2025-12-03 00:51:57,365 - experiment_20251203_005117 - INFO -    home_points_per_game           0.0422
2025-12-03 00:51:57,365 - experiment_20251203_005117 - INFO -    home_avg_goals_against         0.0343
2025-12-03 00:51:57,365 - experiment_20251203_005117 - INFO -    away_avg_goals_for             0.0312
2025-12-03 00:51:57,365 - experiment_20251203_005117 - INFO -    home_goal_diff                 0.0304
2025-12-03 00:51:57,365 - experiment_20251203_005117 - INFO -    away_goal_diff                 0.0298
2025-12-03 00:51:57,366 - experiment_20251203_005117 - INFO -    away_ties                      0.0267
2025-12-03 00:51:57,366 - experiment_20251203_005117 - INFO -    away_avg_goals_against         0.0262
2025-12-03 00:51:57,366 - experiment_20251203_005117 - INFO -    away_team_rank                 0.0257
2025-12-03 00:51:57,366 - experiment_20251203_005117 - INFO -    home_ties                      0.0251
2025-12-03 00:51:57,367 - experiment_20251203_005117 - INFO - 
======================================================================
2025-12-03 00:51:57,367 - experiment_20251203_005117 - INFO - ANALISE DE IMPORTANCIA DAS FEATURES
2025-12-03 00:51:57,367 - experiment_20251203_005117 - INFO - ======================================================================
2025-12-03 00:51:57,410 - experiment_20251203_005117 - INFO - 
TOP 20 FEATURES MAIS IMPORTANTES:
2025-12-03 00:51:57,411 - experiment_20251203_005117 - INFO - ----------------------------------------------------------------------
2025-12-03 00:51:57,411 - experiment_20251203_005117 - INFO -    points_diff                              ██████████████████████████████████████████████████ 0.0917
2025-12-03 00:51:57,411 - experiment_20251203_005117 - INFO -    goal_diff_diff                           ████████████████████████████████████████████ 0.0825
2025-12-03 00:51:57,412 - experiment_20251203_005117 - INFO -    rank_diff                                █████████████████████████████ 0.0538
2025-12-03 00:51:57,412 - experiment_20251203_005117 - INFO -    away_win_rate                            ████████████████████████ 0.0457
2025-12-03 00:51:57,412 - experiment_20251203_005117 - INFO -    home_win_rate                            ████████████████████████ 0.0451
2025-12-03 00:51:57,412 - experiment_20251203_005117 - INFO -    away_points_per_game                     ████████████████████████ 0.0449
2025-12-03 00:51:57,412 - experiment_20251203_005117 - INFO -    home_points_per_game                     ███████████████████████ 0.0422
2025-12-03 00:51:57,412 - experiment_20251203_005117 - INFO -    home_avg_goals_against                   ██████████████████ 0.0343
2025-12-03 00:51:57,413 - experiment_20251203_005117 - INFO -    away_avg_goals_for                       █████████████████ 0.0312
2025-12-03 00:51:57,413 - experiment_20251203_005117 - INFO -    home_goal_diff                           ████████████████ 0.0304
2025-12-03 00:51:57,413 - experiment_20251203_005117 - INFO -    away_goal_diff                           ████████████████ 0.0298
2025-12-03 00:51:57,413 - experiment_20251203_005117 - INFO -    away_ties                                ██████████████ 0.0267
2025-12-03 00:51:57,413 - experiment_20251203_005117 - INFO -    away_avg_goals_against                   ██████████████ 0.0262
2025-12-03 00:51:57,413 - experiment_20251203_005117 - INFO -    away_team_rank                           ██████████████ 0.0257
2025-12-03 00:51:57,413 - experiment_20251203_005117 - INFO -    home_ties                                █████████████ 0.0251
2025-12-03 00:51:57,414 - experiment_20251203_005117 - INFO -    home_avg_goals_for                       ████████████ 0.0230
2025-12-03 00:51:57,414 - experiment_20251203_005117 - INFO -    away_losses                              ██████████ 0.0187
2025-12-03 00:51:57,414 - experiment_20251203_005117 - INFO -    home_wins                                ████████ 0.0160
2025-12-03 00:51:57,414 - experiment_20251203_005117 - INFO -    away_goals_against                       ████████ 0.0159
2025-12-03 00:51:57,414 - experiment_20251203_005117 - INFO -    away_goals_for                           ████████ 0.0158
2025-12-03 00:51:57,414 - experiment_20251203_005117 - INFO - 
📊 Resumo:
2025-12-03 00:51:57,414 - experiment_20251203_005117 - INFO -    Total de features: 61
2025-12-03 00:51:57,415 - experiment_20251203_005117 - INFO -    Feature mais importante: points_diff (0.0917)
2025-12-03 00:51:57,415 - experiment_20251203_005117 - INFO -    Feature menos importante: home_redCards (0.0002)
2025-12-03 00:51:57,415 - experiment_20251203_005117 - INFO - Criando dicionários de times e ligas...
2025-12-03 00:51:57,416 - experiment_20251203_005117 - INFO - Dicionário de times criado usando coluna: name
2025-12-03 00:51:57,416 - experiment_20251203_005117 - INFO -   Total de times no dicionário: 4138
2025-12-03 00:51:57,417 - experiment_20251203_005117 - INFO - Dicionário de ligas criado usando coluna: leagueName
2025-12-03 00:51:57,417 - experiment_20251203_005117 - INFO -   Total de ligas no dicionário: 220
2025-12-03 00:51:57,458 - experiment_20251203_005117 - INFO - Modelo salvo em: models/experiment_20251203_005117.pkl
